mode: set
/Users/evgenijgoncarenko/Desktop/I_should_do/developing-web-services-in-golang/projects/hw3/coverage/client.go:67.80,71.19 2 1
/Users/evgenijgoncarenko/Desktop/I_should_do/developing-web-services-in-golang/projects/hw3/coverage/client.go:74.2,74.20 1 1
/Users/evgenijgoncarenko/Desktop/I_should_do/developing-web-services-in-golang/projects/hw3/coverage/client.go:77.2,77.20 1 1
/Users/evgenijgoncarenko/Desktop/I_should_do/developing-web-services-in-golang/projects/hw3/coverage/client.go:82.2,94.16 10 1
/Users/evgenijgoncarenko/Desktop/I_should_do/developing-web-services-in-golang/projects/hw3/coverage/client.go:100.2,103.25 3 1
/Users/evgenijgoncarenko/Desktop/I_should_do/developing-web-services-in-golang/projects/hw3/coverage/client.go:120.2,122.16 3 1
/Users/evgenijgoncarenko/Desktop/I_should_do/developing-web-services-in-golang/projects/hw3/coverage/client.go:126.2,127.28 2 1
/Users/evgenijgoncarenko/Desktop/I_should_do/developing-web-services-in-golang/projects/hw3/coverage/client.go:134.2,134.21 1 1
/Users/evgenijgoncarenko/Desktop/I_should_do/developing-web-services-in-golang/projects/hw3/coverage/client.go:71.19,73.3 1 1
/Users/evgenijgoncarenko/Desktop/I_should_do/developing-web-services-in-golang/projects/hw3/coverage/client.go:74.20,76.3 1 1
/Users/evgenijgoncarenko/Desktop/I_should_do/developing-web-services-in-golang/projects/hw3/coverage/client.go:77.20,79.3 1 1
/Users/evgenijgoncarenko/Desktop/I_should_do/developing-web-services-in-golang/projects/hw3/coverage/client.go:94.16,95.54 1 1
/Users/evgenijgoncarenko/Desktop/I_should_do/developing-web-services-in-golang/projects/hw3/coverage/client.go:98.3,98.50 1 1
/Users/evgenijgoncarenko/Desktop/I_should_do/developing-web-services-in-golang/projects/hw3/coverage/client.go:95.54,97.4 1 1
/Users/evgenijgoncarenko/Desktop/I_should_do/developing-web-services-in-golang/projects/hw3/coverage/client.go:104.31,105.44 1 1
/Users/evgenijgoncarenko/Desktop/I_should_do/developing-web-services-in-golang/projects/hw3/coverage/client.go:106.38,107.53 1 1
/Users/evgenijgoncarenko/Desktop/I_should_do/developing-web-services-in-golang/projects/hw3/coverage/client.go:108.29,111.17 3 1
/Users/evgenijgoncarenko/Desktop/I_should_do/developing-web-services-in-golang/projects/hw3/coverage/client.go:114.3,114.44 1 1
/Users/evgenijgoncarenko/Desktop/I_should_do/developing-web-services-in-golang/projects/hw3/coverage/client.go:117.3,117.73 1 1
/Users/evgenijgoncarenko/Desktop/I_should_do/developing-web-services-in-golang/projects/hw3/coverage/client.go:111.17,113.4 1 1
/Users/evgenijgoncarenko/Desktop/I_should_do/developing-web-services-in-golang/projects/hw3/coverage/client.go:114.44,116.4 1 1
/Users/evgenijgoncarenko/Desktop/I_should_do/developing-web-services-in-golang/projects/hw3/coverage/client.go:122.16,124.3 1 1
/Users/evgenijgoncarenko/Desktop/I_should_do/developing-web-services-in-golang/projects/hw3/coverage/client.go:127.28,130.3 2 1
/Users/evgenijgoncarenko/Desktop/I_should_do/developing-web-services-in-golang/projects/hw3/coverage/client.go:130.8,132.3 1 1
/Users/evgenijgoncarenko/Desktop/I_should_do/developing-web-services-in-golang/projects/hw3/coverage/server.go:41.29,49.2 7 1
/Users/evgenijgoncarenko/Desktop/I_should_do/developing-web-services-in-golang/projects/hw3/coverage/server.go:62.36,64.16 2 1
/Users/evgenijgoncarenko/Desktop/I_should_do/developing-web-services-in-golang/projects/hw3/coverage/server.go:67.2,68.15 2 1
/Users/evgenijgoncarenko/Desktop/I_should_do/developing-web-services-in-golang/projects/hw3/coverage/server.go:71.2,76.18 5 1
/Users/evgenijgoncarenko/Desktop/I_should_do/developing-web-services-in-golang/projects/hw3/coverage/server.go:64.16,66.3 1 1
/Users/evgenijgoncarenko/Desktop/I_should_do/developing-web-services-in-golang/projects/hw3/coverage/server.go:68.15,70.3 1 1
/Users/evgenijgoncarenko/Desktop/I_should_do/developing-web-services-in-golang/projects/hw3/coverage/server.go:79.48,80.15 1 1
/Users/evgenijgoncarenko/Desktop/I_should_do/developing-web-services-in-golang/projects/hw3/coverage/server.go:81.13,82.3 1 1
/Users/evgenijgoncarenko/Desktop/I_should_do/developing-web-services-in-golang/projects/hw3/coverage/server.go:85.12,86.3 1 1
/Users/evgenijgoncarenko/Desktop/I_should_do/developing-web-services-in-golang/projects/hw3/coverage/server.go:89.10,90.3 1 1
/Users/evgenijgoncarenko/Desktop/I_should_do/developing-web-services-in-golang/projects/hw3/coverage/server.go:82.3,84.4 1 1
/Users/evgenijgoncarenko/Desktop/I_should_do/developing-web-services-in-golang/projects/hw3/coverage/server.go:86.3,88.4 1 1
/Users/evgenijgoncarenko/Desktop/I_should_do/developing-web-services-in-golang/projects/hw3/coverage/server.go:90.3,92.4 1 1
/Users/evgenijgoncarenko/Desktop/I_should_do/developing-web-services-in-golang/projects/hw3/coverage/server.go:102.27,104.2 1 1
/Users/evgenijgoncarenko/Desktop/I_should_do/developing-web-services-in-golang/projects/hw3/coverage/server.go:106.37,112.8 5 1
/Users/evgenijgoncarenko/Desktop/I_should_do/developing-web-services-in-golang/projects/hw3/coverage/server.go:118.2,121.21 3 1
/Users/evgenijgoncarenko/Desktop/I_should_do/developing-web-services-in-golang/projects/hw3/coverage/server.go:124.2,124.26 1 1
/Users/evgenijgoncarenko/Desktop/I_should_do/developing-web-services-in-golang/projects/hw3/coverage/server.go:112.8,113.22 1 1
/Users/evgenijgoncarenko/Desktop/I_should_do/developing-web-services-in-golang/projects/hw3/coverage/server.go:116.3,116.27 1 1
/Users/evgenijgoncarenko/Desktop/I_should_do/developing-web-services-in-golang/projects/hw3/coverage/server.go:113.22,115.4 1 1
/Users/evgenijgoncarenko/Desktop/I_should_do/developing-web-services-in-golang/projects/hw3/coverage/server.go:121.21,123.3 1 1
/Users/evgenijgoncarenko/Desktop/I_should_do/developing-web-services-in-golang/projects/hw3/coverage/server.go:127.32,127.67 1 1
/Users/evgenijgoncarenko/Desktop/I_should_do/developing-web-services-in-golang/projects/hw3/coverage/server.go:129.71,130.16 1 1
/Users/evgenijgoncarenko/Desktop/I_should_do/developing-web-services-in-golang/projects/hw3/coverage/server.go:135.2,136.10 2 1
/Users/evgenijgoncarenko/Desktop/I_should_do/developing-web-services-in-golang/projects/hw3/coverage/server.go:142.2,148.22 6 1
/Users/evgenijgoncarenko/Desktop/I_should_do/developing-web-services-in-golang/projects/hw3/coverage/server.go:152.2,152.22 1 1
/Users/evgenijgoncarenko/Desktop/I_should_do/developing-web-services-in-golang/projects/hw3/coverage/server.go:155.2,157.9 2 1
/Users/evgenijgoncarenko/Desktop/I_should_do/developing-web-services-in-golang/projects/hw3/coverage/server.go:163.2,163.51 1 1
/Users/evgenijgoncarenko/Desktop/I_should_do/developing-web-services-in-golang/projects/hw3/coverage/server.go:169.2,169.31 1 1
/Users/evgenijgoncarenko/Desktop/I_should_do/developing-web-services-in-golang/projects/hw3/coverage/server.go:174.2,180.34 2 1
/Users/evgenijgoncarenko/Desktop/I_should_do/developing-web-services-in-golang/projects/hw3/coverage/server.go:188.2,188.20 1 1
/Users/evgenijgoncarenko/Desktop/I_should_do/developing-web-services-in-golang/projects/hw3/coverage/server.go:192.2,194.24 3 1
/Users/evgenijgoncarenko/Desktop/I_should_do/developing-web-services-in-golang/projects/hw3/coverage/server.go:198.2,198.37 1 1
/Users/evgenijgoncarenko/Desktop/I_should_do/developing-web-services-in-golang/projects/hw3/coverage/server.go:205.2,206.23 2 1
/Users/evgenijgoncarenko/Desktop/I_should_do/developing-web-services-in-golang/projects/hw3/coverage/server.go:130.16,134.3 3 1
/Users/evgenijgoncarenko/Desktop/I_should_do/developing-web-services-in-golang/projects/hw3/coverage/server.go:136.10,140.3 3 1
/Users/evgenijgoncarenko/Desktop/I_should_do/developing-web-services-in-golang/projects/hw3/coverage/server.go:148.22,150.3 1 1
/Users/evgenijgoncarenko/Desktop/I_should_do/developing-web-services-in-golang/projects/hw3/coverage/server.go:152.22,154.3 1 1
/Users/evgenijgoncarenko/Desktop/I_should_do/developing-web-services-in-golang/projects/hw3/coverage/server.go:157.9,161.3 3 1
/Users/evgenijgoncarenko/Desktop/I_should_do/developing-web-services-in-golang/projects/hw3/coverage/server.go:163.51,167.3 3 1
/Users/evgenijgoncarenko/Desktop/I_should_do/developing-web-services-in-golang/projects/hw3/coverage/server.go:169.31,172.3 2 1
/Users/evgenijgoncarenko/Desktop/I_should_do/developing-web-services-in-golang/projects/hw3/coverage/server.go:180.34,183.56 1 1
/Users/evgenijgoncarenko/Desktop/I_should_do/developing-web-services-in-golang/projects/hw3/coverage/server.go:183.56,185.4 1 1
/Users/evgenijgoncarenko/Desktop/I_should_do/developing-web-services-in-golang/projects/hw3/coverage/server.go:188.20,190.3 1 1
/Users/evgenijgoncarenko/Desktop/I_should_do/developing-web-services-in-golang/projects/hw3/coverage/server.go:194.24,197.3 2 1
/Users/evgenijgoncarenko/Desktop/I_should_do/developing-web-services-in-golang/projects/hw3/coverage/server.go:198.37,201.19 3 1
/Users/evgenijgoncarenko/Desktop/I_should_do/developing-web-services-in-golang/projects/hw3/coverage/server.go:201.19,202.9 1 1
/Users/evgenijgoncarenko/Desktop/I_should_do/developing-web-services-in-golang/projects/hw3/coverage/server.go:209.14,210.2 0 0
