mode: set
/Users/evgenijgoncarenko/Documents/Прога/Техносфера/Разработка веб-сервисов на Golang/HTTP и компания/Testing/main.go:17.41,18.34 1 1
/Users/evgenijgoncarenko/Documents/Прога/Техносфера/Разработка веб-сервисов на Golang/HTTP и компания/Testing/main.go:26.2,26.45 1 1
/Users/evgenijgoncarenko/Documents/Прога/Техносфера/Разработка веб-сервисов на Golang/HTTP и компания/Testing/main.go:18.34,21.17 3 1
/Users/evgenijgoncarenko/Documents/Прога/Техносфера/Разработка веб-сервисов на Golang/HTTP и компания/Testing/main.go:24.3,24.19 1 1
/Users/evgenijgoncarenko/Documents/Прога/Техносфера/Разработка веб-сервисов на Golang/HTTP и компания/Testing/main.go:21.17,23.4 1 0
